2019-04-13 09:28:48.785 AM		Warning	Settings not found => a new settings file has been created!
2019-04-13 09:37:19.796 AM		Warning	Settings not found => a new settings file has been created!
2019-04-13 09:42:30.817 AM	QRCODE	Info	Connection has changed to: https://qrcode.crm4.dynamics.com/
2019-04-13 10:05:50.014 AM		Warning	Settings not found => a new settings file has been created!
2019-04-13 10:06:02.807 AM	QRCODE	Info	Connection has changed to: https://qrcode.crm4.dynamics.com/
2019-04-13 10:07:40.828 AM		Warning	Settings not found => a new settings file has been created!
2019-04-13 10:08:19.835 AM		Warning	Settings not found => a new settings file has been created!
2019-04-13 10:09:34.039 AM		Warning	Settings not found => a new settings file has been created!
2019-04-13 10:10:45.722 AM		Warning	Settings not found => a new settings file has been created!
2019-04-13 10:14:23.547 AM		Warning	Settings not found => a new settings file has been created!
2019-04-13 10:18:18.253 AM		Warning	Settings not found => a new settings file has been created!
2019-04-13 11:01:55.898 AM		Warning	Settings not found => a new settings file has been created!
2019-04-13 11:02:26.765 AM	QRCODE	Info	Connection has changed to: https://qrcode.crm4.dynamics.com/
2019-04-13 11:03:36.594 AM		Warning	Settings not found => a new settings file has been created!
2019-04-13 11:03:51.774 AM	QRCODE	Info	Connection has changed to: https://qrcode.crm4.dynamics.com/
2019-04-13 11:06:01.334 AM		Warning	Settings not found => a new settings file has been created!
2019-04-13 11:07:20.768 AM		Warning	Settings not found => a new settings file has been created!
2019-04-13 11:07:39.678 AM	QRCODE	Info	Connection has changed to: https://qrcode.crm4.dynamics.com/
2019-04-13 11:15:04.395 AM		Warning	Settings not found => a new settings file has been created!
2019-04-13 11:17:11.665 AM		Warning	Settings not found => a new settings file has been created!
2019-04-13 11:20:11.860 AM		Warning	Settings not found => a new settings file has been created!
2019-04-13 11:22:24.755 AM		Warning	Settings not found => a new settings file has been created!
2019-04-13 11:22:39.883 AM	QRCODE	Info	Connection has changed to: https://qrcode.crm4.dynamics.com/
2019-04-13 11:27:03.367 AM		Warning	Settings not found => a new settings file has been created!
2019-04-13 11:27:52.880 AM		Warning	Settings not found => a new settings file has been created!
2019-04-13 11:28:18.003 AM	QRCODE	Info	Connection has changed to: https://qrcode.crm4.dynamics.com/
2019-04-13 11:31:43.195 AM		Warning	Settings not found => a new settings file has been created!
2019-04-13 11:32:02.053 AM	QRCODE	Info	Connection has changed to: https://qrcode.crm4.dynamics.com/
2019-04-13 11:33:14.022 AM		Warning	Settings not found => a new settings file has been created!
2019-04-13 11:33:26.444 AM	QRCODE	Info	Connection has changed to: https://qrcode.crm4.dynamics.com/
2019-04-13 11:36:43.484 AM		Warning	Settings not found => a new settings file has been created!
2019-04-13 11:37:00.600 AM	QRCODE	Info	Connection has changed to: https://qrcode.crm4.dynamics.com/
2019-04-13 11:39:07.056 AM		Warning	Settings not found => a new settings file has been created!
2019-04-13 11:39:20.668 AM	QRCODE	Info	Connection has changed to: https://qrcode.crm4.dynamics.com/
2019-04-13 11:57:59.437 AM		Warning	Settings not found => a new settings file has been created!
2019-04-13 11:58:20.458 AM	QRCODE	Info	Connection has changed to: https://qrcode.crm4.dynamics.com/
2019-04-13 12:01:43.013 PM		Warning	Settings not found => a new settings file has been created!
2019-04-13 12:01:57.082 PM	QRCODE	Info	Connection has changed to: https://qrcode.crm4.dynamics.com/
2019-04-13 01:24:40.536 PM		Warning	Settings not found => a new settings file has been created!
2019-04-13 01:24:55.049 PM	QRCODE	Info	Connection has changed to: https://qrcode.crm4.dynamics.com/
2019-04-13 01:30:01.840 PM		Warning	Settings not found => a new settings file has been created!
2019-04-13 01:30:14.593 PM	QRCODE	Info	Connection has changed to: https://qrcode.crm4.dynamics.com/
2019-04-13 01:42:15.585 PM		Warning	Settings not found => a new settings file has been created!
2019-04-13 01:43:36.157 PM		Warning	Settings not found => a new settings file has been created!
2019-04-13 01:43:59.577 PM	QRCODE	Info	Connection has changed to: https://qrcode.crm4.dynamics.com/
2019-04-13 01:46:02.609 PM		Warning	Settings not found => a new settings file has been created!
2019-04-13 01:46:17.726 PM	QRCODE	Info	Connection has changed to: https://qrcode.crm4.dynamics.com/
2019-04-13 01:50:04.821 PM		Warning	Settings not found => a new settings file has been created!
2019-04-13 01:50:16.606 PM	QRCODE	Info	Connection has changed to: https://qrcode.crm4.dynamics.com/
2019-04-13 01:58:38.643 PM		Warning	Settings not found => a new settings file has been created!
2019-04-13 01:58:50.605 PM	QRCODE	Info	Connection has changed to: https://qrcode.crm4.dynamics.com/
2019-04-13 02:33:35.376 PM		Warning	Settings not found => a new settings file has been created!
2019-04-13 02:33:49.595 PM	QRCODE	Info	Connection has changed to: https://qrcode.crm4.dynamics.com/
2019-04-13 02:38:05.128 PM		Warning	Settings not found => a new settings file has been created!
2019-04-13 02:38:20.113 PM	QRCODE	Info	Connection has changed to: https://qrcode.crm4.dynamics.com/
2019-04-13 02:40:09.817 PM		Warning	Settings not found => a new settings file has been created!
2019-04-13 02:40:20.925 PM	QRCODE	Info	Connection has changed to: https://qrcode.crm4.dynamics.com/
2019-04-13 02:44:15.696 PM		Warning	Settings not found => a new settings file has been created!
2019-04-13 02:44:27.790 PM	QRCODE	Info	Connection has changed to: https://qrcode.crm4.dynamics.com/
2019-04-13 02:48:07.410 PM		Warning	Settings not found => a new settings file has been created!
2019-04-13 02:48:24.983 PM	QRCODE	Info	Connection has changed to: https://qrcode.crm4.dynamics.com/
2019-04-13 02:53:07.820 PM		Warning	Settings not found => a new settings file has been created!
2019-04-13 02:53:23.312 PM	QRCODE	Info	Connection has changed to: https://qrcode.crm4.dynamics.com/
2019-04-13 03:12:42.680 PM		Warning	Settings not found => a new settings file has been created!
2019-04-13 03:12:56.452 PM	QRCODE	Info	Connection has changed to: https://qrcode.crm4.dynamics.com/
2019-04-13 03:24:31.292 PM		Warning	Settings not found => a new settings file has been created!
2019-04-13 03:25:02.214 PM	QRCODE	Info	Connection has changed to: https://qrcode.crm4.dynamics.com/
2019-04-13 03:30:10.363 PM		Warning	Settings not found => a new settings file has been created!
2019-04-13 03:30:44.360 PM	QRCODE	Info	Connection has changed to: https://qrcode.crm4.dynamics.com/
2019-04-13 03:38:05.710 PM		Warning	Settings not found => a new settings file has been created!
2019-04-13 03:38:21.201 PM	QRCODE	Info	Connection has changed to: https://qrcode.crm4.dynamics.com/
2019-04-13 03:44:08.049 PM		Warning	Settings not found => a new settings file has been created!
2019-04-13 03:44:42.445 PM	QRCODE	Info	Connection has changed to: https://qrcode.crm4.dynamics.com/
2019-04-13 03:59:50.966 PM		Warning	Settings not found => a new settings file has been created!
2019-04-13 04:03:54.241 PM		Warning	Settings not found => a new settings file has been created!
2019-04-13 04:21:16.519 PM		Warning	Settings not found => a new settings file has been created!
2019-04-13 04:22:56.546 PM	QRCODE	Info	Connection has changed to: https://qrcode.crm4.dynamics.com/
2019-04-13 04:26:09.694 PM		Warning	Settings not found => a new settings file has been created!
2019-04-13 04:26:24.451 PM	QRCODE	Info	Connection has changed to: https://qrcode.crm4.dynamics.com/
2019-04-13 04:39:42.155 PM		Warning	Settings not found => a new settings file has been created!
2019-04-13 04:40:10.940 PM	QRCODE	Info	Connection has changed to: https://qrcode.crm4.dynamics.com/
2019-04-13 04:44:47.784 PM	QRCODE	Warning	Settings not found => a new settings file has been created!
2019-04-13 04:45:13.316 PM	QRCODE	Info	Connection has changed to: https://qrcode.crm4.dynamics.com/
2019-04-13 04:46:53.894 PM	QRCODE	Warning	Settings not found => a new settings file has been created!
2019-04-14 01:20:11.929 AM	QRCODE	Warning	Settings not found => a new settings file has been created!
2019-04-14 01:23:03.727 AM	QRCODE	Warning	Settings not found => a new settings file has been created!
2019-04-14 01:44:11.814 AM	QRCODE	Warning	Settings not found => a new settings file has been created!
2019-04-14 01:55:16.252 AM	QRCODE	Warning	Settings not found => a new settings file has been created!
2019-04-14 01:58:29.324 AM	QRCODE	Warning	Settings not found => a new settings file has been created!
2019-04-14 02:05:49.900 AM	QRCODE	Warning	Settings not found => a new settings file has been created!
2019-04-14 02:14:26.103 AM	QRCODE	Warning	Settings not found => a new settings file has been created!
2019-04-14 02:35:36.590 AM	QRCODE	Warning	Settings not found => a new settings file has been created!
2019-04-14 02:36:39.602 AM	QRCODE	Warning	Settings not found => a new settings file has been created!
2019-04-14 02:40:13.133 AM	QRCODE	Warning	Settings not found => a new settings file has been created!
2019-04-14 02:41:27.830 AM	QRCODE	Warning	Settings not found => a new settings file has been created!
2019-04-14 02:43:52.298 AM	QRCODE	Warning	Settings not found => a new settings file has been created!
2019-04-14 02:44:49.454 AM	QRCODE	Warning	Settings not found => a new settings file has been created!
2019-04-14 02:48:46.473 AM	QRCODE	Warning	Settings not found => a new settings file has been created!
2019-04-14 02:53:49.949 AM	QRCODE	Warning	Settings not found => a new settings file has been created!
2019-04-14 03:03:54.426 AM	QRCODE	Warning	Settings not found => a new settings file has been created!
2019-04-14 03:07:19.726 AM	QRCODE	Warning	Settings not found => a new settings file has been created!
2019-04-14 03:11:55.798 AM	QRCODE	Warning	Settings not found => a new settings file has been created!
2019-04-14 03:18:53.988 AM	QRCODE	Warning	Settings not found => a new settings file has been created!
2019-04-14 03:22:24.834 AM	QRCODE	Warning	Settings not found => a new settings file has been created!
2019-04-14 03:39:06.877 AM	QRCODE	Warning	Settings not found => a new settings file has been created!
2019-04-14 03:41:41.812 AM	QRCODE	Warning	Settings not found => a new settings file has been created!
2019-04-14 04:24:27.035 AM	QRCODE	Warning	Settings not found => a new settings file has been created!
2019-04-14 04:30:02.042 AM	QRCODE	Warning	Settings not found => a new settings file has been created!
2019-04-14 04:42:51.543 AM	QRCODE	Warning	Settings not found => a new settings file has been created!
2019-04-14 04:43:18.043 AM	QRCODE	Warning	Settings not found => a new settings file has been created!
2019-04-14 04:46:07.602 AM	QRCODE	Warning	Settings not found => a new settings file has been created!
2019-04-14 10:58:26.702 AM	QRCODE	Warning	Settings not found => a new settings file has been created!
2019-04-14 11:01:48.876 AM	QRCODE	Warning	Settings not found => a new settings file has been created!
2019-04-14 08:21:01.504 PM	QRCODE	Warning	Settings not found => a new settings file has been created!
2019-04-14 09:02:42.153 PM	QRCODE	Warning	Settings not found => a new settings file has been created!
2019-04-14 09:12:57.468 PM	QRCODE	Warning	Settings not found => a new settings file has been created!
2019-04-14 09:25:35.063 PM	QRCODE	Warning	Settings not found => a new settings file has been created!
2019-04-14 09:30:26.853 PM	QRCODE	Warning	Settings not found => a new settings file has been created!
2019-04-14 09:34:56.888 PM	QRCODE	Warning	Settings not found => a new settings file has been created!
2019-04-14 09:38:02.276 PM	QRCODE	Warning	Settings not found => a new settings file has been created!
2019-04-14 09:41:02.091 PM	QRCODE	Warning	Settings not found => a new settings file has been created!
2019-04-14 09:44:14.941 PM	QRCODE	Warning	Settings not found => a new settings file has been created!
2019-04-14 09:50:34.358 PM	QRCODE	Warning	Settings not found => a new settings file has been created!
2019-04-14 09:52:20.457 PM	QRCODE	Warning	Settings not found => a new settings file has been created!
2019-04-14 09:55:39.600 PM	QRCODE	Warning	Settings not found => a new settings file has been created!
2019-04-14 10:08:33.684 PM	QRCODE	Warning	Settings not found => a new settings file has been created!
2019-04-14 10:15:31.900 PM	QRCODE	Warning	Settings not found => a new settings file has been created!
2019-04-14 10:21:16.076 PM	QRCODE	Warning	Settings not found => a new settings file has been created!
2019-04-14 10:24:54.526 PM	QRCODE	Warning	Settings not found => a new settings file has been created!
2019-04-14 10:28:56.075 PM	QRCODE	Warning	Settings not found => a new settings file has been created!
2019-04-14 10:33:15.889 PM	QRCODE	Warning	Settings not found => a new settings file has been created!
2019-04-14 10:37:27.308 PM	QRCODE	Warning	Settings not found => a new settings file has been created!
2019-04-14 10:37:55.694 PM	QRCODE	Warning	Settings not found => a new settings file has been created!
2019-04-14 10:40:23.777 PM	QRCODE	Warning	Settings not found => a new settings file has been created!
2019-04-14 10:43:08.169 PM	QRCODE	Warning	Settings not found => a new settings file has been created!
2019-04-14 10:51:10.003 PM	QRCODE	Warning	Settings not found => a new settings file has been created!
2019-04-14 10:55:49.419 PM	QRCODE	Warning	Settings not found => a new settings file has been created!
2019-04-14 11:03:22.773 PM	QRCODE	Warning	Settings not found => a new settings file has been created!
2019-04-14 11:14:19.040 PM	QRCODE	Warning	Settings not found => a new settings file has been created!
2019-04-14 11:17:17.609 PM	QRCODE	Warning	Settings not found => a new settings file has been created!
2019-04-14 11:37:41.158 PM	QRCODE	Warning	Settings not found => a new settings file has been created!
2019-04-14 11:47:17.733 PM	QRCODE	Warning	Settings not found => a new settings file has been created!
2019-04-14 11:51:22.981 PM	QRCODE	Warning	Settings not found => a new settings file has been created!
2019-04-14 11:55:17.670 PM	QRCODE	Warning	Settings not found => a new settings file has been created!
2019-04-15 12:02:59.688 AM	QRCODE	Warning	Settings not found => a new settings file has been created!
2019-04-15 12:28:17.985 AM	QRCODE	Warning	Settings not found => a new settings file has been created!
2019-04-15 12:31:25.407 AM	QRCODE	Warning	Settings not found => a new settings file has been created!
2019-04-15 12:33:05.774 AM	QRCODE	Warning	Settings not found => a new settings file has been created!
2019-04-15 12:39:07.620 AM	QRCODE	Warning	Settings not found => a new settings file has been created!
2019-04-15 12:45:00.377 AM	QRCODE	Warning	Settings not found => a new settings file has been created!
2019-04-15 12:50:40.976 AM	QRCODE	Warning	Settings not found => a new settings file has been created!
2019-04-15 01:07:08.518 AM		Warning	Settings not found => a new settings file has been created!
2019-04-15 01:08:22.938 AM	testingpluginxrm	Info	Connection has changed to: https://testingpluginxrm.crm4.dynamics.com/
2019-04-15 01:16:28.108 AM		Warning	Settings not found => a new settings file has been created!
2019-04-15 01:16:42.457 AM	testingpluginxrm	Info	Connection has changed to: https://testingpluginxrm.crm4.dynamics.com/
2019-04-15 01:21:11.380 AM		Warning	Settings not found => a new settings file has been created!
2019-04-15 01:21:25.030 AM	testingpluginxrm	Info	Connection has changed to: https://testingpluginxrm.crm4.dynamics.com/
2019-04-15 01:25:07.814 AM		Warning	Settings not found => a new settings file has been created!
2019-04-15 01:25:45.175 AM		Warning	Settings not found => a new settings file has been created!
2019-04-15 01:26:17.241 AM		Warning	Settings not found => a new settings file has been created!
2019-04-15 01:26:31.662 AM	testingpluginxrm	Info	Connection has changed to: https://testingpluginxrm.crm4.dynamics.com/
2019-04-15 01:30:55.963 AM		Warning	Settings not found => a new settings file has been created!
2019-04-15 01:31:14.423 AM		Warning	Settings not found => a new settings file has been created!
2019-04-15 01:31:39.092 AM	testingpluginxrm	Info	Connection has changed to: https://testingpluginxrm.crm4.dynamics.com/
2019-04-15 01:38:29.349 AM		Warning	Settings not found => a new settings file has been created!
2019-04-15 01:39:06.942 AM		Warning	Settings not found => a new settings file has been created!
2019-04-15 01:39:28.092 AM	testingpluginxrm	Info	Connection has changed to: https://testingpluginxrm.crm4.dynamics.com/
2019-04-15 01:45:19.318 AM		Warning	Settings not found => a new settings file has been created!
2019-04-15 01:46:38.873 AM	XRMTEST	Info	Connection has changed to: https://testingpluginxrm.crm4.dynamics.com/
2019-04-15 01:52:42.550 AM		Warning	Settings not found => a new settings file has been created!
2019-04-15 01:52:54.525 AM	XRMTEST	Info	Connection has changed to: https://testingpluginxrm.crm4.dynamics.com/
2019-04-15 01:58:56.882 AM		Warning	Settings not found => a new settings file has been created!
2019-04-15 01:59:10.277 AM	XRMTEST	Info	Connection has changed to: https://testingpluginxrm.crm4.dynamics.com/
2019-04-15 02:07:46.668 AM		Warning	Settings not found => a new settings file has been created!
2019-04-15 02:07:57.620 AM	XRMTEST	Info	Connection has changed to: https://testingpluginxrm.crm4.dynamics.com/
2019-04-15 02:09:59.094 AM		Warning	Settings not found => a new settings file has been created!
2019-04-15 02:10:28.488 AM		Warning	Settings not found => a new settings file has been created!
2019-04-15 02:10:57.067 AM	XRMTEST	Info	Connection has changed to: https://testingpluginxrm.crm4.dynamics.com/
2019-04-15 02:14:14.435 AM		Warning	Settings not found => a new settings file has been created!
2019-04-15 02:14:30.120 AM	XRMTEST	Info	Connection has changed to: https://testingpluginxrm.crm4.dynamics.com/
2019-04-15 09:12:19.877 AM		Warning	Settings not found => a new settings file has been created!
2019-04-15 09:12:40.644 AM		Warning	Settings not found => a new settings file has been created!
2019-04-15 09:13:04.745 AM	XRMTEST	Info	Connection has changed to: https://testingpluginxrm.crm4.dynamics.com/
2019-04-15 09:38:59.751 AM		Warning	Settings not found => a new settings file has been created!
2019-04-15 09:39:59.860 AM	XRMTEST	Info	Connection has changed to: https://testingpluginxrm.crm4.dynamics.com/
2019-04-15 09:47:16.995 AM		Warning	Settings not found => a new settings file has been created!
2019-04-15 09:47:54.372 AM		Warning	Settings not found => a new settings file has been created!
2019-04-15 09:48:07.120 AM	XRMTEST	Info	Connection has changed to: https://testingpluginxrm.crm4.dynamics.com/
2019-04-15 09:53:18.639 AM		Warning	Settings not found => a new settings file has been created!
2019-04-15 09:53:55.101 AM	XRMTEST	Info	Connection has changed to: https://testingpluginxrm.crm4.dynamics.com/
2019-04-15 10:02:48.094 AM		Warning	Settings not found => a new settings file has been created!
2019-04-15 10:03:12.343 AM	XRMTEST	Info	Connection has changed to: https://testingpluginxrm.crm4.dynamics.com/
2019-04-15 10:05:47.571 AM		Warning	Settings not found => a new settings file has been created!
2019-04-15 10:06:02.440 AM	XRMTEST	Info	Connection has changed to: https://testingpluginxrm.crm4.dynamics.com/
2019-04-15 12:30:05.960 PM		Warning	Settings not found => a new settings file has been created!
2019-04-15 12:30:32.257 PM		Warning	Settings not found => a new settings file has been created!
2019-04-15 12:31:16.246 PM		Warning	Settings not found => a new settings file has been created!
2019-04-15 12:31:23.466 PM	XRMTEST	Info	Connection has changed to: https://testingpluginxrm.crm4.dynamics.com/
2019-04-15 12:35:42.147 PM		Warning	Settings not found => a new settings file has been created!
2019-04-15 12:37:44.461 PM		Warning	Settings not found => a new settings file has been created!
2019-04-15 12:37:57.059 PM	XRMTEST	Info	Connection has changed to: https://testingpluginxrm.crm4.dynamics.com/
2019-04-15 01:07:01.766 PM		Warning	Settings not found => a new settings file has been created!
2019-04-15 01:07:14.386 PM	XRMTEST	Info	Connection has changed to: https://testingpluginxrm.crm4.dynamics.com/
2019-04-15 01:59:24.475 PM		Warning	Settings not found => a new settings file has been created!
2019-04-15 01:59:46.688 PM	XRMTEST	Info	Connection has changed to: https://testingpluginxrm.crm4.dynamics.com/
2019-04-15 02:07:23.875 PM		Warning	Settings not found => a new settings file has been created!
2019-04-15 02:07:35.621 PM	XRMTEST	Info	Connection has changed to: https://testingpluginxrm.crm4.dynamics.com/
2019-04-15 02:11:09.392 PM		Warning	Settings not found => a new settings file has been created!
2019-04-15 02:11:25.665 PM	XRMTEST	Info	Connection has changed to: https://testingpluginxrm.crm4.dynamics.com/
2019-04-15 02:18:29.197 PM		Warning	Settings not found => a new settings file has been created!
2019-04-15 02:18:46.986 PM	XRMTEST	Info	Connection has changed to: https://testingpluginxrm.crm4.dynamics.com/
2019-04-15 02:27:38.630 PM		Warning	Settings not found => a new settings file has been created!
2019-04-15 02:27:52.322 PM	XRMTEST	Info	Connection has changed to: https://testingpluginxrm.crm4.dynamics.com/
2019-04-15 04:41:17.806 PM		Warning	Settings not found => a new settings file has been created!
2019-04-15 04:42:52.802 PM		Warning	Settings not found => a new settings file has been created!
2019-04-15 07:35:20.266 PM		Warning	Settings not found => a new settings file has been created!
2019-04-15 07:35:38.640 PM	XRMTEST	Info	Connection has changed to: https://testingpluginxrm.crm4.dynamics.com/
2019-04-15 07:42:06.675 PM		Warning	Settings not found => a new settings file has been created!
2019-04-15 07:45:29.507 PM		Warning	Settings not found => a new settings file has been created!
2019-04-15 07:45:46.232 PM	XRMTEST	Info	Connection has changed to: https://testingpluginxrm.crm4.dynamics.com/
2019-04-15 07:47:59.458 PM		Warning	Settings not found => a new settings file has been created!
2019-04-15 07:48:13.290 PM	XRMTEST	Info	Connection has changed to: https://testingpluginxrm.crm4.dynamics.com/
2019-04-15 07:58:41.789 PM		Warning	Settings not found => a new settings file has been created!
2019-04-15 08:00:12.830 PM		Warning	Settings not found => a new settings file has been created!
2019-04-15 08:00:35.806 PM	XRMTEST	Info	Connection has changed to: https://testingpluginxrm.crm4.dynamics.com/
2019-04-15 08:02:14.225 PM		Warning	Settings not found => a new settings file has been created!
2019-04-15 08:02:37.939 PM	XRMTEST	Info	Connection has changed to: https://testingpluginxrm.crm4.dynamics.com/
2019-04-15 08:04:39.118 PM		Warning	Settings not found => a new settings file has been created!
2019-04-15 08:11:22.963 PM		Warning	Settings not found => a new settings file has been created!
2019-04-15 08:11:47.294 PM	XRMTEST	Info	Connection has changed to: https://testingpluginxrm.crm4.dynamics.com/
2019-04-15 08:17:11.672 PM		Warning	Settings not found => a new settings file has been created!
2019-04-15 08:17:25.194 PM		Warning	Settings not found => a new settings file has been created!
2019-04-15 08:17:26.960 PM		Warning	Settings not found => a new settings file has been created!
2019-04-15 08:17:28.375 PM	XRMTEST	Info	Connection has changed to: https://testingpluginxrm.crm4.dynamics.com/
2019-04-15 08:20:17.603 PM		Warning	Settings not found => a new settings file has been created!
2019-04-15 08:20:28.804 PM	XRMTEST	Info	Connection has changed to: https://testingpluginxrm.crm4.dynamics.com/
2019-04-15 08:23:02.362 PM		Warning	Settings not found => a new settings file has been created!
2019-04-15 08:23:14.588 PM	XRMTEST	Info	Connection has changed to: https://testingpluginxrm.crm4.dynamics.com/
2019-04-15 08:26:14.306 PM		Warning	Settings not found => a new settings file has been created!
2019-04-15 08:26:27.138 PM	XRMTEST	Info	Connection has changed to: https://testingpluginxrm.crm4.dynamics.com/
2019-04-15 08:30:12.056 PM		Warning	Settings not found => a new settings file has been created!
2019-04-20 12:41:03.697 AM		Warning	Settings not found => a new settings file has been created!
2019-04-20 12:41:13.021 AM		Info	Connection has changed to: https://testingpluginxrm.crm4.dynamics.com/
2019-04-20 12:43:37.017 AM		Warning	Settings not found => a new settings file has been created!
2019-04-20 12:43:50.167 AM		Info	Connection has changed to: https://testingpluginxrm.crm4.dynamics.com/
2019-04-20 12:50:32.590 AM		Warning	Settings not found => a new settings file has been created!
2019-04-20 12:50:49.380 AM		Info	Connection has changed to: https://testingpluginxrm.crm4.dynamics.com/
2019-04-20 12:54:23.374 AM		Warning	Settings not found => a new settings file has been created!
2019-04-20 12:55:10.774 AM		Warning	Settings not found => a new settings file has been created!
2019-04-20 12:55:34.575 AM		Info	Connection has changed to: https://testingpluginxrm.crm4.dynamics.com/
2019-04-20 01:09:36.554 AM		Warning	Settings not found => a new settings file has been created!
2019-04-20 01:09:57.759 AM		Info	Connection has changed to: https://testingpluginxrm.crm4.dynamics.com/
2019-04-20 01:13:37.653 AM		Warning	Settings not found => a new settings file has been created!
2019-04-20 01:13:50.558 AM		Info	Connection has changed to: https://testingpluginxrm.crm4.dynamics.com/
2019-04-20 01:16:09.824 AM		Warning	Settings not found => a new settings file has been created!
2019-04-20 01:16:22.967 AM		Info	Connection has changed to: https://testingpluginxrm.crm4.dynamics.com/
2019-04-20 01:20:54.396 AM		Warning	Settings not found => a new settings file has been created!
2019-04-20 01:21:06.987 AM		Info	Connection has changed to: https://testingpluginxrm.crm4.dynamics.com/
2019-04-20 01:22:39.314 AM		Warning	Settings not found => a new settings file has been created!
2019-04-20 01:22:50.870 AM		Info	Connection has changed to: https://testingpluginxrm.crm4.dynamics.com/
2019-04-20 01:27:39.950 AM		Warning	Settings not found => a new settings file has been created!
2019-04-20 01:27:56.377 AM		Info	Connection has changed to: https://testingpluginxrm.crm4.dynamics.com/
2019-04-20 11:44:46.927 AM		Warning	Settings not found => a new settings file has been created!
2019-04-20 11:45:00.713 AM		Info	Connection has changed to: https://testingpluginxrm.crm4.dynamics.com/
2019-04-20 11:45:53.079 AM		Warning	Settings not found => a new settings file has been created!
2019-04-20 11:45:59.046 AM		Warning	Settings not found => a new settings file has been created!
2019-04-20 11:52:52.638 AM		Warning	Settings not found => a new settings file has been created!
2019-04-20 11:53:28.386 AM		Info	Connection has changed to: https://testingpluginxrm.crm4.dynamics.com/
2019-04-20 11:55:00.180 AM		Warning	Settings not found => a new settings file has been created!
2019-04-20 11:55:27.705 AM		Info	Connection has changed to: https://testingpluginxrm.crm4.dynamics.com/
2019-04-20 11:56:43.662 AM		Warning	Settings not found => a new settings file has been created!
2019-04-20 11:56:56.939 AM		Info	Connection has changed to: https://testingpluginxrm.crm4.dynamics.com/
2019-04-20 12:07:01.551 PM		Warning	Settings not found => a new settings file has been created!
2019-04-20 12:07:15.770 PM		Info	Connection has changed to: https://testingpluginxrm.crm4.dynamics.com/
2019-04-20 12:34:02.722 PM		Warning	Settings not found => a new settings file has been created!
2019-04-20 12:34:17.789 PM		Info	Connection has changed to: https://testingpluginxrm.crm4.dynamics.com/
2019-04-20 12:42:36.423 PM		Warning	Settings not found => a new settings file has been created!
2019-04-20 12:44:35.046 PM		Warning	Settings not found => a new settings file has been created!
2019-04-20 12:44:45.186 PM		Info	Connection has changed to: https://testingpluginxrm.crm4.dynamics.com/
2019-04-20 12:46:22.343 PM		Warning	Settings not found => a new settings file has been created!
2019-04-20 12:46:29.944 PM		Info	Connection has changed to: https://testingpluginxrm.crm4.dynamics.com/
2019-04-20 04:29:23.303 PM		Warning	Settings not found => a new settings file has been created!
2019-04-20 04:29:32.896 PM		Info	Connection has changed to: https://testingpluginxrm.crm4.dynamics.com/
2019-04-20 04:37:48.728 PM		Warning	Settings not found => a new settings file has been created!
2019-04-20 04:37:56.733 PM		Info	Connection has changed to: https://testingpluginxrm.crm4.dynamics.com/
2019-04-20 04:44:09.902 PM		Warning	Settings not found => a new settings file has been created!
2019-04-20 04:44:17.989 PM		Info	Connection has changed to: https://testingpluginxrm.crm4.dynamics.com/
2019-04-20 04:51:53.613 PM		Warning	Settings not found => a new settings file has been created!
2019-04-20 04:52:02.181 PM		Info	Connection has changed to: https://testingpluginxrm.crm4.dynamics.com/
2019-04-20 04:55:53.057 PM		Warning	Settings not found => a new settings file has been created!
2019-04-20 04:56:07.704 PM		Info	Connection has changed to: https://testingpluginxrm.crm4.dynamics.com/
2019-04-20 04:58:59.405 PM		Warning	Settings not found => a new settings file has been created!
2019-04-20 04:59:11.244 PM		Info	Connection has changed to: https://testingpluginxrm.crm4.dynamics.com/
2019-04-20 05:33:03.586 PM		Warning	Settings not found => a new settings file has been created!
2019-04-20 05:33:14.194 PM		Info	Connection has changed to: https://testingpluginxrm.crm4.dynamics.com/
2019-04-20 05:34:00.538 PM		Warning	Settings not found => a new settings file has been created!
2019-04-20 05:35:30.689 PM		Warning	Settings not found => a new settings file has been created!
2019-04-20 05:35:41.845 PM		Info	Connection has changed to: https://testingpluginxrm.crm4.dynamics.com/
2019-04-20 05:52:14.560 PM		Warning	Settings not found => a new settings file has been created!
2019-04-20 05:52:24.132 PM		Info	Connection has changed to: https://testingpluginxrm.crm4.dynamics.com/
2019-04-20 06:25:27.779 PM		Warning	Settings not found => a new settings file has been created!
2019-04-20 06:25:38.931 PM		Info	Connection has changed to: https://testingpluginxrm.crm4.dynamics.com/
2019-04-20 06:42:01.923 PM		Warning	Settings not found => a new settings file has been created!
2019-04-20 06:42:12.146 PM		Info	Connection has changed to: https://testingpluginxrm.crm4.dynamics.com/
2019-04-20 06:42:48.688 PM		Warning	Settings not found => a new settings file has been created!
2019-04-20 06:42:58.545 PM		Info	Connection has changed to: https://testingpluginxrm.crm4.dynamics.com/
2019-04-20 06:44:36.397 PM		Warning	Settings not found => a new settings file has been created!
2019-04-20 06:44:50.269 PM		Info	Connection has changed to: https://testingpluginxrm.crm4.dynamics.com/
2019-04-20 06:51:14.729 PM		Warning	Settings not found => a new settings file has been created!
2019-04-20 06:51:25.395 PM		Info	Connection has changed to: https://testingpluginxrm.crm4.dynamics.com/
2019-04-20 06:55:18.340 PM		Warning	Settings not found => a new settings file has been created!
2019-04-20 06:55:27.497 PM		Info	Connection has changed to: https://testingpluginxrm.crm4.dynamics.com/
2019-04-20 06:56:14.131 PM		Warning	Settings not found => a new settings file has been created!
2019-04-20 06:56:24.156 PM		Info	Connection has changed to: https://testingpluginxrm.crm4.dynamics.com/
2019-04-20 07:01:25.698 PM		Warning	Settings not found => a new settings file has been created!
2019-04-20 07:01:34.508 PM		Info	Connection has changed to: https://testingpluginxrm.crm4.dynamics.com/
2019-04-20 07:10:13.926 PM		Warning	Settings not found => a new settings file has been created!
2019-04-20 07:10:24.085 PM		Info	Connection has changed to: https://testingpluginxrm.crm4.dynamics.com/
2019-04-20 07:22:50.145 PM		Warning	Settings not found => a new settings file has been created!
2019-04-20 07:23:00.272 PM		Info	Connection has changed to: https://testingpluginxrm.crm4.dynamics.com/
2019-04-20 07:33:27.201 PM		Warning	Settings not found => a new settings file has been created!
2019-04-20 07:34:33.283 PM		Warning	Settings not found => a new settings file has been created!
2019-04-20 07:34:43.789 PM		Info	Connection has changed to: https://testingpluginxrm.crm4.dynamics.com/
2019-04-20 07:34:55.198 PM		Warning	Settings not found => a new settings file has been created!
2019-04-20 07:35:05.282 PM		Warning	Settings not found => a new settings file has been created!
2019-04-20 07:39:48.046 PM		Warning	Settings not found => a new settings file has been created!
2019-04-20 07:41:38.318 PM		Warning	Settings not found => a new settings file has been created!
2019-04-20 07:42:45.881 PM		Warning	Settings not found => a new settings file has been created!
2019-04-20 07:42:55.147 PM		Info	Connection has changed to: https://testingpluginxrm.crm4.dynamics.com/
2019-04-20 07:59:17.812 PM		Warning	Settings not found => a new settings file has been created!
2019-04-20 07:59:24.131 PM		Info	Connection has changed to: https://testingpluginxrm.crm4.dynamics.com/
2019-04-20 08:05:00.114 PM		Warning	Settings not found => a new settings file has been created!
2019-04-20 08:05:10.776 PM		Info	Connection has changed to: https://testingpluginxrm.crm4.dynamics.com/
2019-04-20 08:09:44.417 PM		Warning	Settings not found => a new settings file has been created!
2019-04-20 08:09:53.646 PM		Info	Connection has changed to: https://testingpluginxrm.crm4.dynamics.com/
2019-04-20 08:12:21.720 PM		Warning	Settings not found => a new settings file has been created!
2019-04-20 08:12:31.970 PM		Info	Connection has changed to: https://testingpluginxrm.crm4.dynamics.com/
2019-04-20 08:14:01.955 PM		Warning	Settings not found => a new settings file has been created!
2019-04-20 08:14:15.598 PM		Info	Connection has changed to: https://testingpluginxrm.crm4.dynamics.com/
2019-04-20 08:26:00.347 PM		Warning	Settings not found => a new settings file has been created!
2019-04-20 08:26:10.232 PM		Info	Connection has changed to: https://testingpluginxrm.crm4.dynamics.com/
2019-04-20 08:28:15.450 PM		Warning	Settings not found => a new settings file has been created!
2019-04-20 08:28:25.490 PM		Info	Connection has changed to: https://testingpluginxrm.crm4.dynamics.com/
2019-04-20 08:29:27.922 PM		Warning	Settings not found => a new settings file has been created!
2019-04-20 08:29:37.461 PM		Info	Connection has changed to: https://testingpluginxrm.crm4.dynamics.com/
2019-04-20 08:33:55.241 PM		Warning	Settings not found => a new settings file has been created!
2019-04-20 08:34:10.814 PM		Info	Connection has changed to: https://testingpluginxrm.crm4.dynamics.com/
2019-04-20 08:35:57.783 PM		Warning	Settings not found => a new settings file has been created!
2019-04-20 08:36:12.211 PM		Info	Connection has changed to: https://testingpluginxrm.crm4.dynamics.com/
2019-04-20 09:05:58.857 PM		Warning	Settings not found => a new settings file has been created!
2019-04-20 09:06:11.409 PM		Info	Connection has changed to: https://testingpluginxrm.crm4.dynamics.com/
2019-04-20 09:13:15.318 PM		Warning	Settings not found => a new settings file has been created!
2019-04-20 09:13:24.522 PM		Info	Connection has changed to: https://testingpluginxrm.crm4.dynamics.com/
2019-04-20 09:29:29.884 PM		Warning	Settings not found => a new settings file has been created!
2019-04-20 09:29:40.849 PM		Info	Connection has changed to: https://testingpluginxrm.crm4.dynamics.com/
2019-04-20 09:33:23.221 PM		Warning	Settings not found => a new settings file has been created!
2019-04-20 09:33:33.461 PM		Info	Connection has changed to: https://testingpluginxrm.crm4.dynamics.com/
2019-04-20 11:14:46.794 PM		Warning	Settings not found => a new settings file has been created!
2019-04-20 11:14:59.919 PM		Info	Connection has changed to: https://testingpluginxrm.crm4.dynamics.com/
2019-04-21 01:01:34.103 AM		Warning	Settings not found => a new settings file has been created!
2019-04-21 01:01:48.928 AM		Info	Connection has changed to: https://testingpluginxrm.crm4.dynamics.com/
2019-04-21 01:20:56.442 AM		Warning	Settings not found => a new settings file has been created!
2019-04-21 01:21:09.560 AM		Info	Connection has changed to: https://testingpluginxrm.crm4.dynamics.com/
2019-04-21 01:29:02.783 AM		Warning	Settings not found => a new settings file has been created!
2019-04-21 01:29:16.238 AM		Info	Connection has changed to: https://testingpluginxrm.crm4.dynamics.com/
2019-04-21 01:44:44.702 AM		Warning	Settings not found => a new settings file has been created!
2019-04-21 01:45:09.362 AM		Info	Connection has changed to: https://testingpluginxrm.crm4.dynamics.com/
2019-04-21 01:58:06.394 AM		Warning	Settings not found => a new settings file has been created!
2019-04-21 01:58:17.779 AM		Info	Connection has changed to: https://testingpluginxrm.crm4.dynamics.com/
2019-04-21 03:47:30.327 AM		Warning	Settings not found => a new settings file has been created!
2019-04-21 03:47:46.090 AM		Warning	Settings not found => a new settings file has been created!
2019-04-21 03:48:11.059 AM		Warning	Settings not found => a new settings file has been created!
2019-04-21 03:48:28.627 AM		Info	Connection has changed to: https://testingpluginxrm.crm4.dynamics.com/
2019-04-21 03:58:12.018 AM		Warning	Settings not found => a new settings file has been created!
2019-04-21 03:58:56.166 AM		Info	Connection has changed to: https://testingpluginxrm.crm4.dynamics.com/
2019-04-21 04:17:51.452 AM		Warning	Settings not found => a new settings file has been created!
2019-04-21 04:17:59.565 AM		Info	Connection has changed to: https://testingpluginxrm.crm4.dynamics.com/
2019-04-21 04:25:01.935 AM		Warning	Settings not found => a new settings file has been created!
2019-04-21 04:25:09.671 AM		Info	Connection has changed to: https://testingpluginxrm.crm4.dynamics.com/
2019-04-21 04:36:38.741 AM		Warning	Settings not found => a new settings file has been created!
2019-04-21 04:37:01.384 AM		Info	Connection has changed to: https://testingpluginxrm.crm4.dynamics.com/
2019-04-21 06:31:40.121 PM		Warning	Settings not found => a new settings file has been created!
2019-04-21 06:32:16.018 PM		Info	Connection has changed to: https://testingpluginxrm.crm4.dynamics.com/
2019-04-21 06:51:40.709 PM		Warning	Settings not found => a new settings file has been created!
2019-04-21 06:52:03.812 PM		Info	Connection has changed to: https://testingpluginxrm.crm4.dynamics.com/
2019-04-21 07:16:31.660 PM		Warning	Settings not found => a new settings file has been created!
2019-04-21 07:17:02.366 PM		Info	Connection has changed to: https://testingpluginxrm.crm4.dynamics.com/
2019-04-21 07:49:24.388 PM		Warning	Settings not found => a new settings file has been created!
2019-04-21 07:49:48.047 PM		Info	Connection has changed to: https://testingpluginxrm.crm4.dynamics.com/
2019-04-22 12:20:20.457 PM		Warning	Settings not found => a new settings file has been created!
2019-04-22 12:20:32.874 PM		Info	Connection has changed to: https://testingpluginxrm.crm4.dynamics.com/
2019-04-22 06:11:40.120 PM		Warning	Settings not found => a new settings file has been created!
2019-04-22 06:11:49.864 PM		Info	Connection has changed to: https://testingpluginxrm.crm4.dynamics.com/
2019-04-22 07:26:29.702 PM		Warning	Settings not found => a new settings file has been created!
2019-04-22 07:26:39.509 PM		Info	Connection has changed to: https://testingpluginxrm.crm4.dynamics.com/
2019-04-22 07:32:08.870 PM		Warning	Settings not found => a new settings file has been created!
2019-04-22 07:33:09.072 PM		Warning	Settings not found => a new settings file has been created!
2019-04-22 07:33:16.673 PM		Info	Connection has changed to: https://testingpluginxrm.crm4.dynamics.com/
2019-04-22 07:37:18.277 PM		Warning	Settings not found => a new settings file has been created!
2019-04-22 07:38:28.915 PM		Info	Connection has changed to: https://testingpluginxrm.crm4.dynamics.com/
2019-04-22 07:41:36.338 PM		Warning	Settings not found => a new settings file has been created!
2019-04-22 07:41:49.761 PM		Info	Connection has changed to: https://testingpluginxrm.crm4.dynamics.com/
2019-04-22 07:51:58.418 PM		Warning	Settings not found => a new settings file has been created!
2019-04-22 07:52:09.942 PM		Info	Connection has changed to: https://testingpluginxrm.crm4.dynamics.com/
2019-04-22 07:56:25.152 PM		Warning	Settings not found => a new settings file has been created!
2019-04-22 07:56:33.127 PM		Info	Connection has changed to: https://testingpluginxrm.crm4.dynamics.com/
2019-04-22 08:00:39.861 PM		Warning	Settings not found => a new settings file has been created!
2019-04-22 08:00:48.746 PM		Info	Connection has changed to: https://testingpluginxrm.crm4.dynamics.com/
2019-04-22 08:07:29.386 PM		Warning	Settings not found => a new settings file has been created!
2019-04-22 08:07:37.302 PM		Info	Connection has changed to: https://testingpluginxrm.crm4.dynamics.com/
2019-04-22 08:12:58.804 PM		Warning	Settings not found => a new settings file has been created!
2019-04-22 08:13:08.950 PM		Info	Connection has changed to: https://testingpluginxrm.crm4.dynamics.com/
2019-04-22 08:14:30.496 PM		Warning	Settings not found => a new settings file has been created!
2019-04-22 08:14:39.911 PM		Info	Connection has changed to: https://testingpluginxrm.crm4.dynamics.com/
2019-04-22 08:24:28.332 PM		Warning	Settings not found => a new settings file has been created!
2019-04-22 08:24:37.074 PM		Info	Connection has changed to: https://testingpluginxrm.crm4.dynamics.com/
2019-04-22 08:28:39.034 PM		Warning	Settings not found => a new settings file has been created!
2019-04-22 08:33:24.937 PM		Warning	Settings not found => a new settings file has been created!
2019-04-22 08:33:35.713 PM		Info	Connection has changed to: https://testingpluginxrm.crm4.dynamics.com/
2019-04-22 08:35:28.403 PM		Warning	Settings not found => a new settings file has been created!
2019-04-22 08:35:46.203 PM		Info	Connection has changed to: https://testingpluginxrm.crm4.dynamics.com/
2019-04-22 08:40:47.819 PM		Warning	Settings not found => a new settings file has been created!
2019-04-22 08:41:06.452 PM		Info	Connection has changed to: https://testingpluginxrm.crm4.dynamics.com/
2019-04-22 08:45:27.840 PM		Warning	Settings not found => a new settings file has been created!
2019-04-22 08:45:39.667 PM		Info	Connection has changed to: https://testingpluginxrm.crm4.dynamics.com/
2019-04-22 08:59:42.026 PM		Warning	Settings not found => a new settings file has been created!
2019-04-22 08:59:51.748 PM		Info	Connection has changed to: https://testingpluginxrm.crm4.dynamics.com/
2019-04-22 09:03:46.231 PM		Warning	Settings not found => a new settings file has been created!
2019-04-22 09:03:56.877 PM		Info	Connection has changed to: https://testingpluginxrm.crm4.dynamics.com/
2019-04-22 09:14:32.455 PM		Warning	Settings not found => a new settings file has been created!
2019-04-22 09:14:42.145 PM		Info	Connection has changed to: https://testingpluginxrm.crm4.dynamics.com/
2019-04-22 09:35:24.096 PM		Warning	Settings not found => a new settings file has been created!
2019-04-22 09:35:43.333 PM		Info	Connection has changed to: https://testingpluginxrm.crm4.dynamics.com/
2019-04-22 09:37:13.135 PM		Warning	Settings not found => a new settings file has been created!
2019-04-22 09:37:27.527 PM		Info	Connection has changed to: https://testingpluginxrm.crm4.dynamics.com/
2019-04-22 09:40:29.243 PM		Warning	Settings not found => a new settings file has been created!
2019-04-22 10:22:25.930 PM		Warning	Settings not found => a new settings file has been created!
2019-04-22 10:23:33.346 PM		Info	Connection has changed to: https://testingpluginxrm.crm4.dynamics.com/
2019-04-22 10:24:59.604 PM		Warning	Settings not found => a new settings file has been created!
2019-04-22 10:25:11.349 PM		Info	Connection has changed to: https://testingpluginxrm.crm4.dynamics.com/
2019-04-22 10:32:06.442 PM		Warning	Settings not found => a new settings file has been created!
2019-04-22 10:32:16.403 PM		Info	Connection has changed to: https://testingpluginxrm.crm4.dynamics.com/
2019-04-22 10:38:26.388 PM		Warning	Settings not found => a new settings file has been created!
2019-04-22 10:38:43.415 PM		Info	Connection has changed to: https://testingpluginxrm.crm4.dynamics.com/
2019-04-22 10:42:47.765 PM		Warning	Settings not found => a new settings file has been created!
2019-04-22 10:43:00.573 PM		Info	Connection has changed to: https://testingpluginxrm.crm4.dynamics.com/
2019-04-22 10:45:54.016 PM		Warning	Settings not found => a new settings file has been created!
2019-04-22 10:46:08.821 PM		Info	Connection has changed to: https://testingpluginxrm.crm4.dynamics.com/
2019-04-22 10:50:02.416 PM		Warning	Settings not found => a new settings file has been created!
2019-04-22 10:50:17.772 PM		Info	Connection has changed to: https://testingpluginxrm.crm4.dynamics.com/
2019-04-22 11:02:30.176 PM		Warning	Settings not found => a new settings file has been created!
2019-04-22 11:02:40.589 PM		Info	Connection has changed to: https://testingpluginxrm.crm4.dynamics.com/
2019-04-22 11:08:45.283 PM		Warning	Settings not found => a new settings file has been created!
2019-04-22 11:08:53.989 PM		Info	Connection has changed to: https://testingpluginxrm.crm4.dynamics.com/
2019-04-22 11:22:13.872 PM		Warning	Settings not found => a new settings file has been created!
2019-04-22 11:22:29.444 PM		Info	Connection has changed to: https://testingpluginxrm.crm4.dynamics.com/
2019-04-22 11:24:05.874 PM		Warning	Settings not found => a new settings file has been created!
2019-04-22 11:24:14.862 PM		Info	Connection has changed to: https://testingpluginxrm.crm4.dynamics.com/
2019-04-22 11:30:14.753 PM		Warning	Settings not found => a new settings file has been created!
2019-04-22 11:30:24.399 PM		Info	Connection has changed to: https://testingpluginxrm.crm4.dynamics.com/
2019-04-22 11:41:52.180 PM		Warning	Settings not found => a new settings file has been created!
2019-04-22 11:42:02.441 PM		Info	Connection has changed to: https://testingpluginxrm.crm4.dynamics.com/
2019-04-22 11:44:28.126 PM		Warning	Settings not found => a new settings file has been created!
2019-04-22 11:44:49.417 PM		Info	Connection has changed to: https://testingpluginxrm.crm4.dynamics.com/
2019-04-22 11:49:09.240 PM		Warning	Settings not found => a new settings file has been created!
2019-04-22 11:49:18.889 PM		Info	Connection has changed to: https://testingpluginxrm.crm4.dynamics.com/
2019-04-23 12:00:46.828 AM		Warning	Settings not found => a new settings file has been created!
2019-04-23 12:00:59.637 AM		Info	Connection has changed to: https://testingpluginxrm.crm4.dynamics.com/
